# JRE version: Java(TM) SE Runtime Environment (8.0-b132) (build 1.8.0-b132)
# Java VM: Java HotSpot(TM) Client VM (25.0-b70 mixed mode linux-arm )
Heap:
 def new generation   total 4096K, used 0K [0xae000000, 0xae460000, 0xb0000000)
  eden space 3712K,   0% used [0xae000000, 0xae000000, 0xae3a0000)
  from space 384K,   0% used [0xae3a0000, 0xae3a0000, 0xae400000)
  to   space 384K,   0% used [0xae400000, 0xae400000, 0xae460000)
 tenured generation   total 9192K, used 8818K [0xb0000000, 0xb08fa000, 0xb4000000)
   the space 9192K,  95% used [0xb0000000, 0xb089c940, 0xb089ca00, 0xb08fa000)
 Metaspace       used 5155K, capacity 5188K, committed 5272K, reserved 5424K
GC Heap History (10 events):
Event: 27.682 GC heap after
Heap after GC invocations=10 (full 1):
 def new generation   total 4096K, used 383K [0xae000000, 0xae460000, 0xb0000000)
  eden space 3712K,   0% used [0xae000000, 0xae000000, 0xae3a0000)
  from space 384K,  99% used [0xae400000, 0xae45fff8, 0xae460000)
  to   space 384K,   0% used [0xae3a0000, 0xae3a0000, 0xae400000)
 tenured generation   total 8808K, used 5615K [0xb0000000, 0xb089a000, 0xb4000000)
   the space 8808K,  63% used [0xb0000000, 0xb057bf18, 0xb057c000, 0xb089a000)
 Metaspace       used 4473K, capacity 4516K, committed 4632K, reserved 5424K
}
Event: 31.638 GC heap before
{Heap before GC invocations=10 (full 1):
 def new generation   total 4096K, used 4095K [0xae000000, 0xae460000, 0xb0000000)
  eden space 3712K, 100% used [0xae000000, 0xae3a0000, 0xae3a0000)
  from space 384K,  99% used [0xae400000, 0xae45fff8, 0xae460000)
  to   space 384K,   0% used [0xae3a0000, 0xae3a0000, 0xae400000)
 tenured generation   total 8808K, used 5615K [0xb0000000, 0xb089a000, 0xb4000000)
   the space 8808K,  63% used [0xb0000000, 0xb057bf18, 0xb057c000, 0xb089a000)
 Metaspace       used 4517K, capacity 4548K, committed 4632K, reserved 5424K
Event: 31.803 GC heap after
Heap after GC invocations=11 (full 1):
 def new generation   total 4096K, used 384K [0xae000000, 0xae460000, 0xb0000000)
  eden space 3712K,   0% used [0xae000000, 0xae000000, 0xae3a0000)
  from space 384K, 100% used [0xae3a0000, 0xae400000, 0xae400000)
  to   space 384K,   0% used [0xae400000, 0xae400000, 0xae460000)
 tenured generation   total 8808K, used 6790K [0xb0000000, 0xb089a000, 0xb4000000)
   the space 8808K,  77% used [0xb0000000, 0xb06a1a58, 0xb06a1c00, 0xb089a000)
 Metaspace       used 4517K, capacity 4548K, committed 4632K, reserved 5424K
}
Event: 37.169 GC heap before
{Heap before GC invocations=11 (full 1):
 def new generation   total 4096K, used 4096K [0xae000000, 0xae460000, 0xb0000000)
  eden space 3712K, 100% used [0xae000000, 0xae3a0000, 0xae3a0000)
  from space 384K, 100% used [0xae3a0000, 0xae400000, 0xae400000)
  to   space 384K,   0% used [0xae400000, 0xae400000, 0xae460000)
 tenured generation   total 8808K, used 6790K [0xb0000000, 0xb089a000, 0xb4000000)
   the space 8808K,  77% used [0xb0000000, 0xb06a1a58, 0xb06a1c00, 0xb089a000)
 Metaspace       used 4897K, capacity 4932K, committed 5016K, reserved 5424K
Event: 37.363 GC heap after
Heap after GC invocations=12 (full 1):
 def new generation   total 4096K, used 384K [0xae000000, 0xae460000, 0xb0000000)
  eden space 3712K,   0% used [0xae000000, 0xae000000, 0xae3a0000)
  from space 384K, 100% used [0xae400000, 0xae460000, 0xae460000)
  to   space 384K,   0% used [0xae3a0000, 0xae3a0000, 0xae400000)
 tenured generation   total 8808K, used 7657K [0xb0000000, 0xb089a000, 0xb4000000)
   the space 8808K,  86% used [0xb0000000, 0xb077a440, 0xb077a600, 0xb089a000)
 Metaspace       used 4897K, capacity 4932K, committed 5016K, reserved 5424K
}
Event: 43.447 GC heap before
{Heap before GC invocations=12 (full 1):
 def new generation   total 4096K, used 4096K [0xae000000, 0xae460000, 0xb0000000)
  eden space 3712K, 100% used [0xae000000, 0xae3a0000, 0xae3a0000)
  from space 384K, 100% used [0xae400000, 0xae460000, 0xae460000)
  to   space 384K,   0% used [0xae3a0000, 0xae3a0000, 0xae400000)
 tenured generation   total 8808K, used 7657K [0xb0000000, 0xb089a000, 0xb4000000)
   the space 8808K,  86% used [0xb0000000, 0xb077a440, 0xb077a600, 0xb089a000)
 Metaspace       used 5107K, capacity 5156K, committed 5272K, reserved 5424K
Event: 43.581 GC heap after
Heap after GC invocations=13 (full 1):
 def new generation   total 4096K, used 212K [0xae000000, 0xae460000, 0xb0000000)
  eden space 3712K,   0% used [0xae000000, 0xae000000, 0xae3a0000)
  from space 384K,  55% used [0xae3a0000, 0xae3d53c0, 0xae400000)
  to   space 384K,   0% used [0xae400000, 0xae400000, 0xae460000)
 tenured generation   total 8808K, used 8037K [0xb0000000, 0xb089a000, 0xb4000000)
   the space 8808K,  91% used [0xb0000000, 0xb07d9440, 0xb07d9600, 0xb089a000)
 Metaspace       used 5107K, capacity 5156K, committed 5272K, reserved 5424K
}
Event: 45.776 GC heap before
{Heap before GC invocations=13 (full 1):
 def new generation   total 4096K, used 3924K [0xae000000, 0xae460000, 0xb0000000)
  eden space 3712K, 100% used [0xae000000, 0xae3a0000, 0xae3a0000)
  from space 384K,  55% used [0xae3a0000, 0xae3d53c0, 0xae400000)
  to   space 384K,   0% used [0xae400000, 0xae400000, 0xae460000)
 tenured generation   total 8808K, used 8037K [0xb0000000, 0xb089a000, 0xb4000000)
   the space 8808K,  91% used [0xb0000000, 0xb07d9440, 0xb07d9600, 0xb089a000)
 Metaspace       used 5151K, capacity 5188K, committed 5272K, reserved 5424K
Event: 45.881 GC heap after
Heap after GC invocations=14 (full 1):
 def new generation   total 4096K, used 384K [0xae000000, 0xae460000, 0xb0000000)
  eden space 3712K,   0% used [0xae000000, 0xae000000, 0xae3a0000)
  from space 384K, 100% used [0xae400000, 0xae460000, 0xae460000)
  to   space 384K,   0% used [0xae3a0000, 0xae3a0000, 0xae400000)
 tenured generation   total 8808K, used 8784K [0xb0000000, 0xb089a000, 0xb4000000)
   the space 8808K,  99% used [0xb0000000, 0xb0894228, 0xb0894400, 0xb089a000)
 Metaspace       used 5151K, capacity 5188K, committed 5272K, reserved 5424K
}
Event: 48.338 GC heap before
{Heap before GC invocations=14 (full 1):
 def new generation   total 4096K, used 4096K [0xae000000, 0xae460000, 0xb0000000)
  eden space 3712K, 100% used [0xae000000, 0xae3a0000, 0xae3a0000)
  from space 384K, 100% used [0xae400000, 0xae460000, 0xae460000)
  to   space 384K,   0% used [0xae3a0000, 0xae3a0000, 0xae400000)
 tenured generation   total 8808K, used 8784K [0xb0000000, 0xb089a000, 0xb4000000)
   the space 8808K,  99% used [0xb0000000, 0xb0894228, 0xb0894400, 0xb089a000)
 Metaspace       used 5155K, capacity 5188K, committed 5272K, reserved 5424K

